<?xml version="1.0" encoding="UTF-8"?>
<testsuite xmlns:xsi="http://www.w3.org/2001/XMLSchema-instance" xsi:noNamespaceSchemaLocation="https://maven.apache.org/surefire/maven-surefire-plugin/xsd/surefire-test-report.xsd" name="com.dionplugins.PluginTest" time="0.293" tests="1" errors="0" skipped="0" failures="0">
  <properties>
    <property name="sun.desktop" value="windows"/>
    <property name="awt.toolkit" value="sun.awt.windows.WToolkit"/>
    <property name="file.encoding.pkg" value="sun.io"/>
    <property name="java.specification.version" value="1.8"/>
    <property name="sun.cpu.isalist" value="amd64"/>
    <property name="sun.jnu.encoding" value="Cp1252"/>
    <property name="java.class.path" value="C:\Users\Dion\Documents\Minecraft Plugins\securedauth\target\test-classes;C:\Users\Dion\Documents\Minecraft Plugins\securedauth\target\classes;C:\Users\Dion\.m2\repository\junit\junit\4.11\junit-4.11.jar;C:\Users\Dion\.m2\repository\org\hamcrest\hamcrest-core\1.3\hamcrest-core-1.3.jar;C:\Users\Dion\.m2\repository\org\spigotmc\spigot-api\1.16.5-R0.1-SNAPSHOT\spigot-api-1.16.5-R0.1-SNAPSHOT.jar;C:\Users\Dion\.m2\repository\commons-lang\commons-lang\2.6\commons-lang-2.6.jar;C:\Users\Dion\.m2\repository\com\google\guava\guava\21.0\guava-21.0.jar;C:\Users\Dion\.m2\repository\com\google\code\gson\gson\2.8.0\gson-2.8.0.jar;C:\Users\Dion\.m2\repository\net\md-5\bungeecord-chat\1.16-R0.4\bungeecord-chat-1.16-R0.4.jar;C:\Users\Dion\.m2\repository\org\yaml\snakeyaml\1.27\snakeyaml-1.27.jar;"/>
    <property name="java.vm.vendor" value="Temurin"/>
    <property name="sun.arch.data.model" value="64"/>
    <property name="user.variant" value=""/>
    <property name="java.vendor.url" value="https://adoptium.net/"/>
    <property name="user.timezone" value="Asia/Singapore"/>
    <property name="user.country.format" value="PH"/>
    <property name="java.vm.specification.version" value="1.8"/>
    <property name="os.name" value="Windows 10"/>
    <property name="user.country" value="US"/>
    <property name="sun.java.launcher" value="SUN_STANDARD"/>
    <property name="sun.boot.library.path" value="C:\Program Files\Eclipse Adoptium\jdk-8.0.412.8-hotspot\jre\bin"/>
    <property name="sun.java.command" value="C:\Users\Dion\AppData\Local\Temp\surefire2657807714522016780\surefirebooter3912053241183302266.jar C:\Users\Dion\AppData\Local\Temp\surefire2657807714522016780 2025-04-24T17-58-15_029-jvmRun1 surefire3915569652573568942tmp surefire_03722582639684337130tmp"/>
    <property name="surefire.test.class.path" value="C:\Users\Dion\Documents\Minecraft Plugins\securedauth\target\test-classes;C:\Users\Dion\Documents\Minecraft Plugins\securedauth\target\classes;C:\Users\Dion\.m2\repository\junit\junit\4.11\junit-4.11.jar;C:\Users\Dion\.m2\repository\org\hamcrest\hamcrest-core\1.3\hamcrest-core-1.3.jar;C:\Users\Dion\.m2\repository\org\spigotmc\spigot-api\1.16.5-R0.1-SNAPSHOT\spigot-api-1.16.5-R0.1-SNAPSHOT.jar;C:\Users\Dion\.m2\repository\commons-lang\commons-lang\2.6\commons-lang-2.6.jar;C:\Users\Dion\.m2\repository\com\google\guava\guava\21.0\guava-21.0.jar;C:\Users\Dion\.m2\repository\com\google\code\gson\gson\2.8.0\gson-2.8.0.jar;C:\Users\Dion\.m2\repository\net\md-5\bungeecord-chat\1.16-R0.4\bungeecord-chat-1.16-R0.4.jar;C:\Users\Dion\.m2\repository\org\yaml\snakeyaml\1.27\snakeyaml-1.27.jar;"/>
    <property name="sun.cpu.endian" value="little"/>
    <property name="user.home" value="C:\Users\Dion"/>
    <property name="user.language" value="en"/>
    <property name="java.specification.vendor" value="Oracle Corporation"/>
    <property name="java.home" value="C:\Program Files\Eclipse Adoptium\jdk-8.0.412.8-hotspot\jre"/>
    <property name="basedir" value="C:\Users\Dion\Documents\Minecraft Plugins\securedauth"/>
    <property name="file.separator" value="\"/>
    <property name="line.separator" value="&#10;"/>
    <property name="java.vm.specification.vendor" value="Oracle Corporation"/>
    <property name="java.specification.name" value="Java Platform API Specification"/>
    <property name="java.awt.graphicsenv" value="sun.awt.Win32GraphicsEnvironment"/>
    <property name="surefire.real.class.path" value="C:\Users\Dion\AppData\Local\Temp\surefire2657807714522016780\surefirebooter3912053241183302266.jar"/>
    <property name="sun.boot.class.path" value="C:\Program Files\Eclipse Adoptium\jdk-8.0.412.8-hotspot\jre\lib\resources.jar;C:\Program Files\Eclipse Adoptium\jdk-8.0.412.8-hotspot\jre\lib\rt.jar;C:\Program Files\Eclipse Adoptium\jdk-8.0.412.8-hotspot\jre\lib\sunrsasign.jar;C:\Program Files\Eclipse Adoptium\jdk-8.0.412.8-hotspot\jre\lib\jsse.jar;C:\Program Files\Eclipse Adoptium\jdk-8.0.412.8-hotspot\jre\lib\jce.jar;C:\Program Files\Eclipse Adoptium\jdk-8.0.412.8-hotspot\jre\lib\charsets.jar;C:\Program Files\Eclipse Adoptium\jdk-8.0.412.8-hotspot\jre\lib\jfr.jar;C:\Program Files\Eclipse Adoptium\jdk-8.0.412.8-hotspot\jre\classes"/>
    <property name="user.script" value=""/>
    <property name="sun.management.compiler" value="HotSpot 64-Bit Tiered Compilers"/>
    <property name="java.runtime.version" value="1.8.0_412-b08"/>
    <property name="user.name" value="Dion"/>
    <property name="path.separator" value=";"/>
    <property name="os.version" value="10.0"/>
    <property name="java.endorsed.dirs" value="C:\Program Files\Eclipse Adoptium\jdk-8.0.412.8-hotspot\jre\lib\endorsed"/>
    <property name="java.runtime.name" value="OpenJDK Runtime Environment"/>
    <property name="file.encoding" value="Cp1252"/>
    <property name="java.vm.name" value="OpenJDK 64-Bit Server VM"/>
    <property name="localRepository" value="C:\Users\Dion\.m2\repository"/>
    <property name="java.vendor.url.bug" value="https://github.com/adoptium/adoptium-support/issues"/>
    <property name="java.io.tmpdir" value="C:\Users\Dion\AppData\Local\Temp\"/>
    <property name="java.version" value="1.8.0_412"/>
    <property name="user.dir" value="C:\Users\Dion\Documents\Minecraft Plugins\securedauth"/>
    <property name="os.arch" value="amd64"/>
    <property name="java.vm.specification.name" value="Java Virtual Machine Specification"/>
    <property name="java.awt.printerjob" value="sun.awt.windows.WPrinterJob"/>
    <property name="user.language.format" value="fil"/>
    <property name="sun.os.patch.level" value=""/>
    <property name="java.library.path" value="C:\Program Files\Eclipse Adoptium\jdk-8.0.412.8-hotspot\jre\bin;C:\WINDOWS\Sun\Java\bin;C:\WINDOWS\system32;C:\WINDOWS;C:\Program Files (x86)\Common Files\Oracle\Java\javapath;C:\Program Files\Common Files\Oracle\Java\javapath;C:\Python312\Scripts\;C:\Python312\;C:\Program Files\Eclipse Adoptium\jdk-8.0.412.8-hotspot\bin;C:\ProgramData\Oracle\Java\javapath;C:\WINDOWS\system32;C:\WINDOWS;C:\WINDOWS\System32\Wbem;C:\WINDOWS\System32\WindowsPowerShell\v1.0\;C:\Program Files (x86)\ATI Technologies\ATI.ACE\Core-Static;C:\Program Files (x86)\AMD\ATI.ACE\Core-Static;C:\WINDOWS\System32\OpenSSH\;C:\Program Files (x86)\Windows Live\Shared;C:\Program Files\dotnet\;C:\HaxeToolkit\haxe;C:\HaxeToolkit\neko;C:\MinGW\bin;C:\Program Files\nodejs\;C:\Program Files\Docker\Docker\resources\bin;C:\ProgramData\DockerDesktop\version-bin;C:\Program Files (x86)\GtkSharp\2.12\bin;C:\Program Files (x86)\ZSharp;C:\Users\Dion\AppData\Local\bin\NASM\nasm.exe;C:\Users\Dion\Documents\NASM-linker\GoLink.exe;C:\ProgramData\chocolatey\bin;C:\ProgramData\chocolatey\lib\lua53\tools;C:\Program Files\Git\cmd;C:\Program Files\spwn\;C:\Program Files (x86)\Lua\5.1;C:\Program Files (x86)\Lua\5.1\clibs;C:\Users\Dion\scoop\apps\latex\current\texmfs\install\miktex\bin\x64;C:\Users\Dion\scoop\shims;C:\Users\Dion\.cargo\bin;C:\Users\Dion\AppData\Local\Programs\Python\Python39\Scripts\;C:\Users\Dion\AppData\Local\Programs\Python\Python39\;C:\Users\Dion\AppData\Local\Microsoft\WindowsApps;C:\Users\Dion\.dotnet\tools;C:\Program Files\JetBrains\PyCharm Community Edition 2021.3\bin;C:\ffmpeg\bin;C:\Program Files\CMake\bin;C:\Users\Dion\AppData\Local\Programs\Microsoft VS Code\bin;C:\Users\Dion\AppData\Roaming\npm;C:\Users\Dion\AppData\Local\Programs\pychess\;C:\Users\Dion\AppData\Local\GitHubDesktop\bin;C:\Users\Dion\AppData\Local\Programs\Fiddler;C:\Users\Dion\.dotnet\tools;C:\ProgramData\mingw64\mingw64\bin;C:\tools\TinyTeX\bin\windows;C:\Program Files\JetBrains\JetBrains Rider\bin;c:\fife\python;c:\fife\python\Lib\site-packages\fife;C:\Program Files\LOVE\;C:\Program Files\Neovim\bin;C:\Users\Dion\Desktop\apache-maven-3.9.9\bin;C:\Users\Dion\scoop\apps\latex\current\texmfs\install\miktex\bin\x64;C:\Users\Dion\scoop\shims;C:\Users\Dion\.cargo\bin;C:\Users\Dion\AppData\Local\Programs\Python\Python39\Scripts\;C:\Users\Dion\AppData\Local\Programs\Python\Python39\;C:\Users\Dion\AppData\Local\Microsoft\WindowsApps;C:\Users\Dion\.dotnet\tools;C:\Program Files\JetBrains\PyCharm Community Edition 2021.3\bin;C:\ffmpeg\bin;C:\Program Files\CMake\bin;C:\Users\Dion\AppData\Local\Programs\Microsoft VS Code\bin;C:\Users\Dion\AppData\Roaming\npm;C:\Users\Dion\AppData\Local\Programs\pychess\;C:\Users\Dion\AppData\Local\GitHubDesktop\bin;C:\Users\Dion\AppData\Local\Programs\Fiddler;C:\Users\Dion\.dotnet\tools;C:\ProgramData\mingw64\mingw64\bin;C:\tools\TinyTeX\bin\windows;C:\Program Files\JetBrains\JetBrains Rider\bin;;c:\fife\python;c:\fife\python\Lib\site-packages\fife;C:\tools\neovim\nvim-win64\bin;C:\Users\Dion\AppData\Local\Programs\Ollama;C:\Users\Dion\Desktop\apache-maven-3.9.9\bin;;."/>
    <property name="java.vm.info" value="mixed mode"/>
    <property name="java.vendor" value="Temurin"/>
    <property name="java.vm.version" value="25.412-b08"/>
    <property name="java.specification.maintenance.version" value="5"/>
    <property name="java.ext.dirs" value="C:\Program Files\Eclipse Adoptium\jdk-8.0.412.8-hotspot\jre\lib\ext;C:\WINDOWS\Sun\Java\lib\ext"/>
    <property name="sun.io.unicode.encoding" value="UnicodeLittle"/>
    <property name="java.class.version" value="52.0"/>
  </properties>
  <testcase name="shouldAnswerWithTrue" classname="com.dionplugins.PluginTest" time="0.005"/>
</testsuite>